error: Could not read .foreverignore file.
error: ENOENT, open '/Users/dbanda/Desktop/pugen/.foreverignore'
module.js:338
    throw err;
          ^
Error: Cannot find module 'express'
    at Function.Module._resolveFilename (module.js:336:15)
    at Function.Module._load (module.js:278:25)
    at Module.require (module.js:365:17)
    at require (module.js:384:17)
    at Object.<anonymous> (/Users/dbanda/Desktop/pugen/app.js:1:77)
    at Module._compile (module.js:460:26)
    at Object.Module._extensions..js (module.js:478:10)
    at Module.load (module.js:355:32)
    at Function.Module._load (module.js:310:12)
    at Module.require (module.js:365:17)
error: Forever detected script exited with code: 1
error: restarting script because change changed
error: Script restart attempt #1
module.js:338
    throw err;
          ^
Error: Cannot find module 'express'
    at Function.Module._resolveFilename (module.js:336:15)
    at Function.Module._load (module.js:278:25)
    at Module.require (module.js:365:17)
    at require (module.js:384:17)
    at Object.<anonymous> (/Users/dbanda/Desktop/pugen/app.js:1:77)
    at Module._compile (module.js:460:26)
    at Object.Module._extensions..js (module.js:478:10)
    at Module.load (module.js:355:32)
    at Function.Module._load (module.js:310:12)
    at Module.require (module.js:365:17)
error: Forever detected script exited with code: 1
error: Script restart attempt #2
module.js:338
    throw err;
          ^
Error: Cannot find module 'express'
    at Function.Module._resolveFilename (module.js:336:15)
    at Function.Module._load (module.js:278:25)
    at Module.require (module.js:365:17)
    at require (module.js:384:17)
    at Object.<anonymous> (/Users/dbanda/Desktop/pugen/app.js:1:77)
    at Module._compile (module.js:460:26)
    at Object.Module._extensions..js (module.js:478:10)
    at Module.load (module.js:355:32)
    at Function.Module._load (module.js:310:12)
    at Module.require (module.js:365:17)
error: Forever detected script exited with code: 1
error: restarting script because add changed
error: Script restart attempt #3
module.js:338
    throw err;
          ^
Error: Cannot find module 'express'
    at Function.Module._resolveFilename (module.js:336:15)
    at Function.Module._load (module.js:278:25)
    at Module.require (module.js:365:17)
    at require (module.js:384:17)
    at Object.<anonymous> (/Users/dbanda/Desktop/pugen/app.js:1:77)
    at Module._compile (module.js:460:26)
    at Object.Module._extensions..js (module.js:478:10)
    at Module.load (module.js:355:32)
    at Function.Module._load (module.js:310:12)
    at Module.require (module.js:365:17)
error: Forever detected script exited with code: 1
error: Script restart attempt #4
module.js:338
    throw err;
          ^
Error: Cannot find module 'express'
    at Function.Module._resolveFilename (module.js:336:15)
    at Function.Module._load (module.js:278:25)
    at Module.require (module.js:365:17)
    at require (module.js:384:17)
    at Object.<anonymous> (/Users/dbanda/Desktop/pugen/app.js:1:77)
    at Module._compile (module.js:460:26)
    at Object.Module._extensions..js (module.js:478:10)
    at Module.load (module.js:355:32)
    at Function.Module._load (module.js:310:12)
    at Module.require (module.js:365:17)
error: Forever detected script exited with code: 1
error: restarting script because add changed
error: Script restart attempt #5
error: restarting script because addDir changed
error: restarting script because change changed
error: Forever detected script was killed by signal: SIGKILL
error: Script restart attempt #6
module.js:338
    throw err;
          ^
Error: Cannot find module 'express'
    at Function.Module._resolveFilename (module.js:336:15)
    at Function.Module._load (module.js:278:25)
    at Module.require (module.js:365:17)
    at require (module.js:384:17)
    at Object.<anonymous> (/Users/dbanda/Desktop/pugen/app.js:1:77)
    at Module._compile (module.js:460:26)
    at Object.Module._extensions..js (module.js:478:10)
    at Module.load (module.js:355:32)
    at Function.Module._load (module.js:310:12)
    at Module.require (module.js:365:17)
error: Forever detected script exited with code: 1
error: restarting script because add changed
error: Script restart attempt #7
error: restarting script because change changed
error: Forever detected script was killed by signal: SIGKILL
error: Script restart attempt #8
module.js:338
    throw err;
          ^
Error: Cannot find module 'express'
    at Function.Module._resolveFilename (module.js:336:15)
    at Function.Module._load (module.js:278:25)
    at Module.require (module.js:365:17)
    at require (module.js:384:17)
    at Object.<anonymous> (/Users/dbanda/Desktop/pugen/app.js:1:77)
    at Module._compile (module.js:460:26)
    at Object.Module._extensions..js (module.js:478:10)
    at Module.load (module.js:355:32)
    at Function.Module._load (module.js:310:12)
    at Module.require (module.js:365:17)
error: Forever detected script exited with code: 1
error: restarting script because add changed
error: restarting script because add changed
error: Script restart attempt #9
error: restarting script because add changed
error: restarting script because add changed
error: restarting script because add changed
error: restarting script because change changed
error: restarting script because add changed
error: restarting script because addDir changed
error: restarting script because change changed
error: restarting script because add changed
error: restarting script because add changed
(node) warning: possible EventEmitter memory leak detected. 11 exit listeners added. Use emitter.setMaxListeners() to increase limit.
Trace
    at ChildProcess.addListener (events.js:179:15)
    at ChildProcess.once (events.js:204:8)
    at Monitor.kill (/usr/local/lib/node_modules/forever/node_modules/forever-monitor/lib/forever-monitor/monitor.js:381:11)
    at Monitor.restart (/usr/local/lib/node_modules/forever/node_modules/forever-monitor/lib/forever-monitor/monitor.js:332:12)
    at EventEmitter.<anonymous> (/usr/local/lib/node_modules/forever/node_modules/forever-monitor/lib/forever-monitor/plugins/watch.js:77:15)
    at EventEmitter.emit (events.js:110:17)
    at EventEmitter.<anonymous> (/usr/local/lib/node_modules/forever/node_modules/chokidar/index.js:137:38)
    at EventEmitter.FSWatcher._emit (/usr/local/lib/node_modules/forever/node_modules/chokidar/index.js:152:5)
    at EventEmitter.<anonymous> (/usr/local/lib/node_modules/forever/node_modules/chokidar/lib/fsevents-handler.js:172:14)
    at addOrChange (/usr/local/lib/node_modules/forever/node_modules/chokidar/lib/fsevents-handler.js:177:7)
error: restarting script because addDir changed
error: restarting script because add changed
error: Forever detected script was killed by signal: SIGKILL
error: Script restart attempt #10
module.js:338
    throw err;
          ^
Error: Cannot find module 'express'
    at Function.Module._resolveFilename (module.js:336:15)
    at Function.Module._load (module.js:278:25)
    at Module.require (module.js:365:17)
    at require (module.js:384:17)
    at Object.<anonymous> (/Users/dbanda/Desktop/pugen/app.js:1:77)
    at Module._compile (module.js:460:26)
    at Object.Module._extensions..js (module.js:478:10)
    at Module.load (module.js:355:32)
    at Function.Module._load (module.js:310:12)
    at Module.require (module.js:365:17)
error: Forever detected script exited with code: 1
error: restarting script because add changed
error: Script restart attempt #11
module.js:338
    throw err;
          ^
Error: Cannot find module 'express'
    at Function.Module._resolveFilename (module.js:336:15)
    at Function.Module._load (module.js:278:25)
    at Module.require (module.js:365:17)
    at require (module.js:384:17)
    at Object.<anonymous> (/Users/dbanda/Desktop/pugen/app.js:1:77)
    at Module._compile (module.js:460:26)
    at Object.Module._extensions..js (module.js:478:10)
    at Module.load (module.js:355:32)
    at Function.Module._load (module.js:310:12)
    at Module.require (module.js:365:17)
error: Forever detected script exited with code: 1
error: Script restart attempt #12
module.js:338
    throw err;
          ^
Error: Cannot find module 'express'
    at Function.Module._resolveFilename (module.js:336:15)
    at Function.Module._load (module.js:278:25)
    at Module.require (module.js:365:17)
    at require (module.js:384:17)
    at Object.<anonymous> (/Users/dbanda/Desktop/pugen/app.js:1:77)
    at Module._compile (module.js:460:26)
    at Object.Module._extensions..js (module.js:478:10)
    at Module.load (module.js:355:32)
    at Function.Module._load (module.js:310:12)
    at Module.require (module.js:365:17)
error: Forever detected script exited with code: 1
error: restarting script because change changed
error: Script restart attempt #13
error: restarting script because add changed
error: Forever detected script was killed by signal: SIGKILL
error: Script restart attempt #14
module.js:338
    throw err;
          ^
Error: Cannot find module 'express'
    at Function.Module._resolveFilename (module.js:336:15)
    at Function.Module._load (module.js:278:25)
    at Module.require (module.js:365:17)
    at require (module.js:384:17)
    at Object.<anonymous> (/Users/dbanda/Desktop/pugen/app.js:1:77)
    at Module._compile (module.js:460:26)
    at Object.Module._extensions..js (module.js:478:10)
    at Module.load (module.js:355:32)
    at Function.Module._load (module.js:310:12)
    at Module.require (module.js:365:17)
error: Forever detected script exited with code: 1
error: restarting script because add changed
error: Script restart attempt #15
error: restarting script because add changed
error: Forever detected script was killed by signal: SIGKILL
error: Script restart attempt #16
module.js:338
    throw err;
          ^
Error: Cannot find module 'express'
    at Function.Module._resolveFilename (module.js:336:15)
    at Function.Module._load (module.js:278:25)
    at Module.require (module.js:365:17)
    at require (module.js:384:17)
    at Object.<anonymous> (/Users/dbanda/Desktop/pugen/app.js:1:77)
    at Module._compile (module.js:460:26)
    at Object.Module._extensions..js (module.js:478:10)
    at Module.load (module.js:355:32)
    at Function.Module._load (module.js:310:12)
    at Module.require (module.js:365:17)
error: Forever detected script exited with code: 1
